Mon May 12 18:41:55 SAST 2025 : Apache Derby Network Server - 10.10.2.0 - (1582446) started and ready to accept connections on port 1527
----------------------------------------------------------------
Mon May 12 18:41:55 SAST 2025:
Booting Derby version The Apache Software Foundation - Apache Derby - 10.10.2.0 - (1582446): instance a816c00e-0196-c55f-d7bc-00000c45bf08 
on database directory C:\Users\musaw\Documents\NetBeansProjects\GhostTokWebApp\db\ghosttokDS with class loader jdk.internal.loader.ClassLoaders$AppClassLoader@c387f44 
Loaded from file:/C:/Users/musaw/GlassFish_Server/javadb/lib/derby.jar
java.vendor=Oracle Corporation
java.runtime.version=19.0.2+7-44
user.dir=C:\Users\musaw\GlassFish_Server\javadb
os.name=Windows 11
os.arch=amd64
os.version=10.0
derby.system.home=C:\Users\musaw\Documents\NetBeansProjects\GhostTokWebApp\db
Database Class Loader started - derby.database.classpath=''
----------------------------------------------------------------
Mon May 12 18:41:56 SAST 2025:
Shutting down instance a816c00e-0196-c55f-d7bc-00000c45bf08 on database directory C:\Users\musaw\Documents\NetBeansProjects\GhostTokWebApp\db\ghosttokDS with class loader jdk.internal.loader.ClassLoaders$AppClassLoader@c387f44 
Mon May 12 18:41:56 SAST 2025 Thread[#36,DRDAConnThread_3,5,main] (DATABASE = ghosttokDS), (DRDAID = {2}), Database 'ghosttokDS' shutdown.
----------------------------------------------------------------
Mon May 12 18:42:03 SAST 2025:
Booting Derby version The Apache Software Foundation - Apache Derby - 10.10.2.0 - (1582446): instance ed8940a7-0196-c55f-d7bc-00000c45bf08 
on database directory C:\Users\musaw\Documents\NetBeansProjects\GhostTokWebApp\db\ghosttokDS with class loader jdk.internal.loader.ClassLoaders$AppClassLoader@c387f44 
Loaded from file:/C:/Users/musaw/GlassFish_Server/javadb/lib/derby.jar
java.vendor=Oracle Corporation
java.runtime.version=19.0.2+7-44
user.dir=C:\Users\musaw\GlassFish_Server\javadb
os.name=Windows 11
os.arch=amd64
os.version=10.0
derby.system.home=C:\Users\musaw\Documents\NetBeansProjects\GhostTokWebApp\db
Database Class Loader started - derby.database.classpath=''
----------------------------------------------------------------
